<?xml version="1.0" encoding="UTF-8"?>
<!-- Generated by org.testng.reporters.JUnitXMLReporter -->
<testsuite hostname="DESKTOP-E93L1TT" ignored="1" name="Login_Test" tests="2" failures="0" timestamp="22 May 2020 22:47:00 GMT" time="0.009" errors="0">
  <testcase name="Tc_Login_01" time="0.002" classname="Demo_testNg.TC_Login"/>
  <testcase name="Tc_Login_02" time="0.001" classname="Demo_testNg.TC_Login"/>
  <testcase name="Tc_Login_03" time="0.0" classname="Demo_testNg.TC_Login">
    <ignored/>
  </testcase> <!-- Tc_Login_03 -->
</testsuite> <!-- Login_Test -->
