<?xml version="1.0" encoding="UTF-8"?>
<!-- Generated by org.testng.reporters.JUnitXMLReporter -->
<testsuite hostname="DESKTOP-E93L1TT" ignored="0" name="Test" tests="5" failures="0" timestamp="22 May 2020 22:31:36 GMT" time="0.079" errors="0">
  <testcase name="Tc_Login_01" time="0.014" classname="Demo_testNg.TC_Login"/>
  <testcase name="Tc_Login_02" time="0.002" classname="Demo_testNg.TC_Login"/>
  <testcase name="Tc_Login_03" time="0.001" classname="Demo_testNg.TC_Login"/>
  <testcase name="TC_Home_01" time="0.002" classname="Demo_testNg.TC_Home"/>
  <testcase name="TC_Home_02" time="0.002" classname="Demo_testNg.TC_Home"/>
</testsuite> <!-- Test -->
