<?xml version="1.0" encoding="UTF-8"?>
<testng-results skipped="0" failed="0" ignored="0" total="2" passed="2">
  <reporter-output>
  </reporter-output>
  <suite name="Default suite" duration-ms="24658" started-at="2020-06-10T22:36:34Z" finished-at="2020-06-10T22:36:59Z">
    <groups>
    </groups>
    <test name="Default test" duration-ms="24658" started-at="2020-06-10T22:36:34Z" finished-at="2020-06-10T22:36:59Z">
      <class name="login_test">
        <test-method status="PASS" signature="enter()[pri:0, instance:login_test@598067a5]" name="enter" is-config="true" duration-ms="7771" started-at="2020-06-10T22:36:34Z" finished-at="2020-06-10T22:36:42Z">
          <reporter-output>
          </reporter-output>
        </test-method> <!-- enter -->
        <test-method status="PASS" signature="valid_credential()[pri:1, instance:login_test@598067a5]" name="valid_credential" duration-ms="4690" started-at="2020-06-10T22:36:42Z" finished-at="2020-06-10T22:36:47Z">
          <reporter-output>
          </reporter-output>
        </test-method> <!-- valid_credential -->
        <test-method status="PASS" signature="exit()[pri:0, instance:login_test@598067a5]" name="exit" is-config="true" duration-ms="740" started-at="2020-06-10T22:36:47Z" finished-at="2020-06-10T22:36:47Z">
          <reporter-output>
          </reporter-output>
        </test-method> <!-- exit -->
        <test-method status="PASS" signature="enter()[pri:0, instance:login_test@598067a5]" name="enter" is-config="true" duration-ms="6450" started-at="2020-06-10T22:36:47Z" finished-at="2020-06-10T22:36:54Z">
          <reporter-output>
          </reporter-output>
        </test-method> <!-- enter -->
        <test-method status="PASS" signature="invalid_credential()[pri:2, instance:login_test@598067a5]" name="invalid_credential" duration-ms="4052" started-at="2020-06-10T22:36:54Z" finished-at="2020-06-10T22:36:58Z">
          <reporter-output>
          </reporter-output>
        </test-method> <!-- invalid_credential -->
        <test-method status="PASS" signature="exit()[pri:0, instance:login_test@598067a5]" name="exit" is-config="true" duration-ms="919" started-at="2020-06-10T22:36:58Z" finished-at="2020-06-10T22:36:59Z">
          <reporter-output>
          </reporter-output>
        </test-method> <!-- exit -->
      </class> <!-- login_test -->
    </test> <!-- Default test -->
  </suite> <!-- Default suite -->
</testng-results>
