<?xml version="1.0" encoding="UTF-8"?>
<!-- Generated by org.testng.reporters.JUnitXMLReporter -->
<testsuite hostname="DESKTOP-E93L1TT" ignored="2" name="Login_Test" tests="1" failures="0" timestamp="10 Jun 2020 22:30:28 GMT" time="0.007" errors="0">
  <testcase name="Tc_Login_01" time="0.003" classname="Demo_testNg.TC_Login_group"/>
  <testcase name="Tc_Login_02" time="0.0" classname="Demo_testNg.TC_Login_group">
    <ignored/>
  </testcase> <!-- Tc_Login_02 -->
  <testcase name="Tc_Login_03" time="0.0" classname="Demo_testNg.TC_Login_group">
    <ignored/>
  </testcase> <!-- Tc_Login_03 -->
</testsuite> <!-- Login_Test -->
